Using pre-set license

 COMMAND LINE ARGUMENTS:
/Applications/Unity/Hub/Editor/2021.1.3f1/Unity.app/Contents/MacOS/Unity
-adb2
-batchMode
-noUpm
-name
AssetImportWorker0
-projectPath
/Users/kids/Desktop/Unity Obstacle Game
-logFile
Logs/AssetImportWorker0.log
-srvPort
56626
Successfully changed project path to: /Users/kids/Desktop/Unity Obstacle Game
/Users/kids/Desktop/Unity Obstacle Game
Using Asset Import Pipeline V2.
Refreshing native plugins compatible for Editor in 82.22 ms, found 1 plugins.
Preloading 0 native plugins for Editor in 0.00 ms.
Initialize engine version: 2021.1.3f1 (4bef613afd59)
[Subsystems] Discovering subsystems at path /Applications/Unity/Hub/Editor/2021.1.3f1/Unity.app/Contents/Resources/UnitySubsystems
[Subsystems] Discovering subsystems at path /Users/kids/Desktop/Unity Obstacle Game/Assets
GfxDevice: creating device client; threaded=0; jobified=0
2021-05-19 11:45:43.614 Unity[77100:5087352] iMac preferred device: AMD Radeon Pro 560X (high power)
2021-05-19 11:45:43.614 Unity[77100:5087352] Metal devices available: 1
2021-05-19 11:45:43.614 Unity[77100:5087352] 0: AMD Radeon Pro 560X (high power)
2021-05-19 11:45:43.616 Unity[77100:5087352] Using device AMD Radeon Pro 560X (high power)
Initializing Metal device caps: AMD Radeon Pro 560X
Initialize mono
Mono path[0] = '/Applications/Unity/Hub/Editor/2021.1.3f1/Unity.app/Contents/Managed'
Mono path[1] = '/Applications/Unity/Hub/Editor/2021.1.3f1/Unity.app/Contents/MonoBleedingEdge/lib/mono/unityjit'
Mono config path = '/Applications/Unity/Hub/Editor/2021.1.3f1/Unity.app/Contents/MonoBleedingEdge/etc'
Using monoOptions --debugger-agent=transport=dt_socket,embedding=1,server=y,suspend=n,address=127.0.0.1:56100
Begin MonoManager ReloadAssembly
Registering precompiled unity dll's ...
Register platform support module: /Applications/Unity/Hub/Editor/2021.1.3f1/Unity.app/Contents/PlaybackEngines/MacStandaloneSupport/UnityEditor.OSXStandalone.Extensions.dll
Registered in 0.000484 seconds.
Native extension for OSXStandalone target not found
Refreshing native plugins compatible for Editor in 86.39 ms, found 1 plugins.
Preloading 0 native plugins for Editor in 0.00 ms.
Mono: successfully reloaded assembly
- Completed reload, in  2.513 seconds
Platform modules already initialized, skipping
Registering precompiled user dll's ...
Registered in 0.001407 seconds.
Begin MonoManager ReloadAssembly
Native extension for OSXStandalone target not found
Refreshing native plugins compatible for Editor in 0.44 ms, found 1 plugins.
Preloading 0 native plugins for Editor in 0.00 ms.
Mono: successfully reloaded assembly
- Completed reload, in  1.070 seconds
Platform modules already initialized, skipping
========================================================================
Worker process is ready to serve import requests
Launching external process: /Applications/Unity/Hub/Editor/2021.1.3f1/Unity.app/Contents/Tools/UnityShaderCompiler
Launched and connected shader compiler UnityShaderCompiler after 0.04 seconds
Refreshing native plugins compatible for Editor in 0.47 ms, found 1 plugins.
Preloading 0 native plugins for Editor in 0.00 ms.
Unloading 2672 Unused Serialized files (Serialized files now loaded: 0)
System memory in use before: 167.4 MB.
System memory in use after: 167.5 MB.

Unloading 15 unused Assets to reduce memory usage. Loaded Objects now: 3125.
Total: 2.115661 ms (FindLiveObjects: 0.253082 ms CreateObjectMapping: 0.169629 ms MarkObjects: 1.628095 ms  DeleteObjects: 0.063884 ms)

========================================================================
Received Import Request.
  path: Assets/Scripts/PlayerCollision.cs
  artifactKey: Guid(a449d340b1bf641f3b2015ab41e2e21c) Importer(815301076,1909f56bfc062723c751e8b465ee728b)
Start importing Assets/Scripts/PlayerCollision.cs using Guid(a449d340b1bf641f3b2015ab41e2e21c) Importer(815301076,1909f56bfc062723c751e8b465ee728b)  -> (artifact id: '0e6b3a09abd882dbbd2118d2162df34a') in 0.210904 seconds 
========================================================================
Received Import Request.
  Time since last request: 0.000254 seconds.
  path: Assets/Scripts/PlayerMovement.cs
  artifactKey: Guid(9da4ff95b7dca4cffa914b8938ef02ba) Importer(815301076,1909f56bfc062723c751e8b465ee728b)
Start importing Assets/Scripts/PlayerMovement.cs using Guid(9da4ff95b7dca4cffa914b8938ef02ba) Importer(815301076,1909f56bfc062723c751e8b465ee728b)  -> (artifact id: '9ece43259472c7a8b5ad1da09c9a1203') in 0.001509 seconds 
========================================================================
Received Prepare
Registering precompiled user dll's ...
Registered in 0.001409 seconds.
Begin MonoManager ReloadAssembly
Native extension for OSXStandalone target not found
Refreshing native plugins compatible for Editor in 0.47 ms, found 1 plugins.
Preloading 0 native plugins for Editor in 0.00 ms.
Mono: successfully reloaded assembly
- Completed reload, in  0.960 seconds
Platform modules already initialized, skipping
Refreshing native plugins compatible for Editor in 0.45 ms, found 1 plugins.
Preloading 0 native plugins for Editor in 0.00 ms.
Unloading 2667 Unused Serialized files (Serialized files now loaded: 0)
System memory in use before: 172.0 MB.
System memory in use after: 172.2 MB.

Unloading 10 unused Assets to reduce memory usage. Loaded Objects now: 3128.
Total: 1.776980 ms (FindLiveObjects: 0.211931 ms CreateObjectMapping: 0.108299 ms MarkObjects: 1.419230 ms  DeleteObjects: 0.036833 ms)

========================================================================
Received Prepare
Registering precompiled user dll's ...
Registered in 0.021826 seconds.
Begin MonoManager ReloadAssembly
Native extension for OSXStandalone target not found
Refreshing native plugins compatible for Editor in 0.47 ms, found 1 plugins.
Preloading 0 native plugins for Editor in 0.00 ms.
Mono: successfully reloaded assembly
- Completed reload, in  0.962 seconds
Platform modules already initialized, skipping
Refreshing native plugins compatible for Editor in 0.43 ms, found 1 plugins.
Preloading 0 native plugins for Editor in 0.00 ms.
Unloading 2667 Unused Serialized files (Serialized files now loaded: 0)
System memory in use before: 172.2 MB.
System memory in use after: 172.4 MB.

Unloading 10 unused Assets to reduce memory usage. Loaded Objects now: 3131.
Total: 2.025841 ms (FindLiveObjects: 0.377491 ms CreateObjectMapping: 0.188966 ms MarkObjects: 1.384755 ms  DeleteObjects: 0.073734 ms)

========================================================================
Received Prepare
Registering precompiled user dll's ...
Registered in 0.001323 seconds.
Begin MonoManager ReloadAssembly
Native extension for OSXStandalone target not found
Refreshing native plugins compatible for Editor in 0.66 ms, found 1 plugins.
Preloading 0 native plugins for Editor in 0.00 ms.
Mono: successfully reloaded assembly
- Completed reload, in  0.961 seconds
Platform modules already initialized, skipping
Refreshing native plugins compatible for Editor in 0.43 ms, found 1 plugins.
Preloading 0 native plugins for Editor in 0.00 ms.
Unloading 2667 Unused Serialized files (Serialized files now loaded: 0)
System memory in use before: 172.4 MB.
System memory in use after: 172.6 MB.

Unloading 10 unused Assets to reduce memory usage. Loaded Objects now: 3134.
Total: 2.693498 ms (FindLiveObjects: 0.285462 ms CreateObjectMapping: 0.189416 ms MarkObjects: 2.173411 ms  DeleteObjects: 0.043785 ms)

========================================================================
Received Import Request.
  Time since last request: 887.871058 seconds.
  path: Assets/Prefabs/Platform.prefab
  artifactKey: Guid(3690c65033658474abee36d16ce2d761) Importer(815301076,1909f56bfc062723c751e8b465ee728b)
Start importing Assets/Prefabs/Platform.prefab using Guid(3690c65033658474abee36d16ce2d761) Importer(815301076,1909f56bfc062723c751e8b465ee728b)  -> (artifact id: '4b2bad300365477df4e9f4d232328145') in 0.501824 seconds 
========================================================================
Received Import Request.
  Time since last request: 24.059332 seconds.
  path: Assets/Prefabs/Platform.prefab
  artifactKey: Guid(3690c65033658474abee36d16ce2d761) Importer(815301076,1909f56bfc062723c751e8b465ee728b)
Start importing Assets/Prefabs/Platform.prefab using Guid(3690c65033658474abee36d16ce2d761) Importer(815301076,1909f56bfc062723c751e8b465ee728b)  -> (artifact id: '2bc6ba664544563ae1d723f924148fbb') in 0.009792 seconds 
========================================================================
Received Prepare
Registering precompiled user dll's ...
Registered in 0.001440 seconds.
Begin MonoManager ReloadAssembly
Native extension for OSXStandalone target not found
Refreshing native plugins compatible for Editor in 0.44 ms, found 1 plugins.
Preloading 0 native plugins for Editor in 0.00 ms.
Mono: successfully reloaded assembly
- Completed reload, in  0.959 seconds
Platform modules already initialized, skipping
Refreshing native plugins compatible for Editor in 0.44 ms, found 1 plugins.
Preloading 0 native plugins for Editor in 0.00 ms.
Unloading 2667 Unused Serialized files (Serialized files now loaded: 0)
System memory in use before: 180.9 MB.
System memory in use after: 181.0 MB.

Unloading 10 unused Assets to reduce memory usage. Loaded Objects now: 3145.
Total: 2.022515 ms (FindLiveObjects: 0.230750 ms CreateObjectMapping: 0.146826 ms MarkObjects: 1.605462 ms  DeleteObjects: 0.038153 ms)

========================================================================
Received Import Request.
  Time since last request: 780.972589 seconds.
  path: Assets/Prefabs/Player.prefab
  artifactKey: Guid(d7584df5d5ef347268aa21cdd5f76c8f) Importer(815301076,1909f56bfc062723c751e8b465ee728b)
Start importing Assets/Prefabs/Player.prefab using Guid(d7584df5d5ef347268aa21cdd5f76c8f) Importer(815301076,1909f56bfc062723c751e8b465ee728b)  -> (artifact id: '407e7fb50fe7f83762b974bcd724dc90') in 0.096349 seconds 
========================================================================
Received Import Request.
  Time since last request: 6.996134 seconds.
  path: Assets/Levels/Level-6.unity
  artifactKey: Guid(95dfdcf3328db4066ba3feeec2f0814b) Importer(815301076,1909f56bfc062723c751e8b465ee728b)
Start importing Assets/Levels/Level-6.unity using Guid(95dfdcf3328db4066ba3feeec2f0814b) Importer(815301076,1909f56bfc062723c751e8b465ee728b)  -> (artifact id: '801e94a42662ca75db0c8838dbd9a422') in 0.002215 seconds 
========================================================================
Received Prepare
Registering precompiled user dll's ...
Registered in 0.001272 seconds.
Begin MonoManager ReloadAssembly
Native extension for OSXStandalone target not found
Refreshing native plugins compatible for Editor in 0.44 ms, found 1 plugins.
Preloading 0 native plugins for Editor in 0.00 ms.
Mono: successfully reloaded assembly
- Completed reload, in  0.940 seconds
Platform modules already initialized, skipping
Refreshing native plugins compatible for Editor in 0.47 ms, found 1 plugins.
Preloading 0 native plugins for Editor in 0.00 ms.
Unloading 2667 Unused Serialized files (Serialized files now loaded: 0)
System memory in use before: 181.1 MB.
System memory in use after: 181.3 MB.

Unloading 10 unused Assets to reduce memory usage. Loaded Objects now: 3149.
Total: 2.428279 ms (FindLiveObjects: 0.287988 ms CreateObjectMapping: 0.196085 ms MarkObjects: 1.897312 ms  DeleteObjects: 0.045095 ms)

========================================================================
Received Prepare
Registering precompiled user dll's ...
Registered in 0.031924 seconds.
Begin MonoManager ReloadAssembly
Native extension for OSXStandalone target not found
Refreshing native plugins compatible for Editor in 0.44 ms, found 1 plugins.
Preloading 0 native plugins for Editor in 0.00 ms.
Mono: successfully reloaded assembly
- Completed reload, in  1.142 seconds
Platform modules already initialized, skipping
Refreshing native plugins compatible for Editor in 0.44 ms, found 1 plugins.
Preloading 0 native plugins for Editor in 0.00 ms.
Unloading 2667 Unused Serialized files (Serialized files now loaded: 0)
System memory in use before: 181.3 MB.
System memory in use after: 181.5 MB.

Unloading 10 unused Assets to reduce memory usage. Loaded Objects now: 3152.
Total: 1.803976 ms (FindLiveObjects: 0.249034 ms CreateObjectMapping: 0.112369 ms MarkObjects: 1.406821 ms  DeleteObjects: 0.034637 ms)

