Using pre-set license

 COMMAND LINE ARGUMENTS:
/Applications/Unity/Hub/Editor/2021.1.3f1/Unity.app/Contents/MacOS/Unity
-adb2
-batchMode
-noUpm
-name
AssetImportWorker0
-projectPath
/Users/kids/Desktop/Unity Obstacle Game
-logFile
Logs/AssetImportWorker0.log
-srvPort
57596
Successfully changed project path to: /Users/kids/Desktop/Unity Obstacle Game
/Users/kids/Desktop/Unity Obstacle Game
Using Asset Import Pipeline V2.
Refreshing native plugins compatible for Editor in 136.48 ms, found 1 plugins.
Preloading 0 native plugins for Editor in 0.00 ms.
Initialize engine version: 2021.1.3f1 (4bef613afd59)
[Subsystems] Discovering subsystems at path /Applications/Unity/Hub/Editor/2021.1.3f1/Unity.app/Contents/Resources/UnitySubsystems
[Subsystems] Discovering subsystems at path /Users/kids/Desktop/Unity Obstacle Game/Assets
GfxDevice: creating device client; threaded=0; jobified=0
2021-05-12 11:16:47.686 Unity[52701:1824756] iMac preferred device: AMD Radeon Pro 560X (high power)
2021-05-12 11:16:47.686 Unity[52701:1824756] Metal devices available: 1
2021-05-12 11:16:47.687 Unity[52701:1824756] 0: AMD Radeon Pro 560X (high power)
2021-05-12 11:16:47.687 Unity[52701:1824756] Using device AMD Radeon Pro 560X (high power)
Initializing Metal device caps: AMD Radeon Pro 560X
Initialize mono
Mono path[0] = '/Applications/Unity/Hub/Editor/2021.1.3f1/Unity.app/Contents/Managed'
Mono path[1] = '/Applications/Unity/Hub/Editor/2021.1.3f1/Unity.app/Contents/MonoBleedingEdge/lib/mono/unityjit'
Mono config path = '/Applications/Unity/Hub/Editor/2021.1.3f1/Unity.app/Contents/MonoBleedingEdge/etc'
Using monoOptions --debugger-agent=transport=dt_socket,embedding=1,server=y,suspend=n,address=127.0.0.1:56701
Begin MonoManager ReloadAssembly
Registering precompiled unity dll's ...
Register platform support module: /Applications/Unity/Hub/Editor/2021.1.3f1/Unity.app/Contents/PlaybackEngines/MacStandaloneSupport/UnityEditor.OSXStandalone.Extensions.dll
Registered in 0.113405 seconds.
Native extension for OSXStandalone target not found
Refreshing native plugins compatible for Editor in 72.09 ms, found 1 plugins.
Preloading 0 native plugins for Editor in 0.00 ms.
Mono: successfully reloaded assembly
- Completed reload, in  2.228 seconds
Platform modules already initialized, skipping
Registering precompiled user dll's ...
Registered in 0.003690 seconds.
Begin MonoManager ReloadAssembly
Native extension for OSXStandalone target not found
Refreshing native plugins compatible for Editor in 0.51 ms, found 1 plugins.
Preloading 0 native plugins for Editor in 0.00 ms.
Mono: successfully reloaded assembly
- Completed reload, in  1.237 seconds
Platform modules already initialized, skipping
========================================================================
Worker process is ready to serve import requests
Launching external process: /Applications/Unity/Hub/Editor/2021.1.3f1/Unity.app/Contents/Tools/UnityShaderCompiler
Launched and connected shader compiler UnityShaderCompiler after 0.13 seconds
Refreshing native plugins compatible for Editor in 0.43 ms, found 1 plugins.
Preloading 0 native plugins for Editor in 0.00 ms.
Unloading 2672 Unused Serialized files (Serialized files now loaded: 0)
System memory in use before: 167.2 MB.
System memory in use after: 167.3 MB.

Unloading 15 unused Assets to reduce memory usage. Loaded Objects now: 3125.
Total: 2.787601 ms (FindLiveObjects: 0.303260 ms CreateObjectMapping: 0.183846 ms MarkObjects: 2.223624 ms  DeleteObjects: 0.075716 ms)

========================================================================
Received Import Request.
  path: Assets/Levels/Level-4.unity
  artifactKey: Guid(5690326b9eac34b75bbbcb088834f444) Importer(815301076,1909f56bfc062723c751e8b465ee728b)
Start importing Assets/Levels/Level-4.unity using Guid(5690326b9eac34b75bbbcb088834f444) Importer(815301076,1909f56bfc062723c751e8b465ee728b)  -> (artifact id: '252bab941affd9c53d6c037ac8a812cb') in 0.191893 seconds 
========================================================================
Received Prepare
Registering precompiled user dll's ...
Registered in 0.004109 seconds.
Begin MonoManager ReloadAssembly
Native extension for OSXStandalone target not found
Refreshing native plugins compatible for Editor in 0.45 ms, found 1 plugins.
Preloading 0 native plugins for Editor in 0.00 ms.
Mono: successfully reloaded assembly
- Completed reload, in  1.073 seconds
Platform modules already initialized, skipping
Refreshing native plugins compatible for Editor in 0.44 ms, found 1 plugins.
Preloading 0 native plugins for Editor in 0.00 ms.
Unloading 2667 Unused Serialized files (Serialized files now loaded: 0)
System memory in use before: 167.3 MB.
System memory in use after: 167.5 MB.

Unloading 10 unused Assets to reduce memory usage. Loaded Objects now: 3128.
Total: 1.782663 ms (FindLiveObjects: 0.227792 ms CreateObjectMapping: 0.099111 ms MarkObjects: 1.414890 ms  DeleteObjects: 0.039779 ms)

========================================================================
Received Import Request.
  Time since last request: 67.954603 seconds.
  path: Assets/Levels/Level-1.unity
  artifactKey: Guid(9fc0d4010bbf28b4594072e72b8655ab) Importer(815301076,1909f56bfc062723c751e8b465ee728b)
Start importing Assets/Levels/Level-1.unity using Guid(9fc0d4010bbf28b4594072e72b8655ab) Importer(815301076,1909f56bfc062723c751e8b465ee728b)  -> (artifact id: 'ca4be6afcfe62ce178d932d70630c79f') in 0.010566 seconds 
========================================================================
Received Import Request.
  Time since last request: 187.354700 seconds.
  path: Assets/Levels/Level-3.unity
  artifactKey: Guid(b202654d92f394a4aa56cfd0c1946560) Importer(815301076,1909f56bfc062723c751e8b465ee728b)
Start importing Assets/Levels/Level-3.unity using Guid(b202654d92f394a4aa56cfd0c1946560) Importer(815301076,1909f56bfc062723c751e8b465ee728b)  -> (artifact id: 'aaf138ec242efe384fcfc7a58c3a6d1a') in 0.000958 seconds 
========================================================================
Received Prepare
Registering precompiled user dll's ...
Registered in 0.001263 seconds.
Begin MonoManager ReloadAssembly
Native extension for OSXStandalone target not found
Refreshing native plugins compatible for Editor in 0.46 ms, found 1 plugins.
Preloading 0 native plugins for Editor in 0.00 ms.
Mono: successfully reloaded assembly
- Completed reload, in  0.974 seconds
Platform modules already initialized, skipping
Refreshing native plugins compatible for Editor in 0.48 ms, found 1 plugins.
Preloading 0 native plugins for Editor in 0.00 ms.
Unloading 2667 Unused Serialized files (Serialized files now loaded: 0)
System memory in use before: 167.6 MB.
System memory in use after: 167.8 MB.

Unloading 10 unused Assets to reduce memory usage. Loaded Objects now: 3131.
Total: 2.078572 ms (FindLiveObjects: 0.251594 ms CreateObjectMapping: 0.131760 ms MarkObjects: 1.648459 ms  DeleteObjects: 0.045745 ms)

========================================================================
Received Import Request.
  Time since last request: 60.542827 seconds.
  path: Assets/Levels/Level-1.unity
  artifactKey: Guid(9fc0d4010bbf28b4594072e72b8655ab) Importer(815301076,1909f56bfc062723c751e8b465ee728b)
Start importing Assets/Levels/Level-1.unity using Guid(9fc0d4010bbf28b4594072e72b8655ab) Importer(815301076,1909f56bfc062723c751e8b465ee728b)  -> (artifact id: '8a9af4fee4c950550cbcba5dcf86e467') in 0.011855 seconds 
========================================================================
Received Prepare
Registering precompiled user dll's ...
Registered in 0.001274 seconds.
Begin MonoManager ReloadAssembly
Native extension for OSXStandalone target not found
Refreshing native plugins compatible for Editor in 0.45 ms, found 1 plugins.
Preloading 0 native plugins for Editor in 0.00 ms.
Mono: successfully reloaded assembly
- Completed reload, in  0.999 seconds
Platform modules already initialized, skipping
Refreshing native plugins compatible for Editor in 0.45 ms, found 1 plugins.
Preloading 0 native plugins for Editor in 0.00 ms.
Unloading 2667 Unused Serialized files (Serialized files now loaded: 0)
System memory in use before: 167.8 MB.
System memory in use after: 168.0 MB.

Unloading 10 unused Assets to reduce memory usage. Loaded Objects now: 3134.
Total: 1.913759 ms (FindLiveObjects: 0.204188 ms CreateObjectMapping: 0.106864 ms MarkObjects: 1.561226 ms  DeleteObjects: 0.040662 ms)

========================================================================
Received Import Request.
  Time since last request: 83.064781 seconds.
  path: Assets/Levels/Level-1.unity
  artifactKey: Guid(9fc0d4010bbf28b4594072e72b8655ab) Importer(815301076,1909f56bfc062723c751e8b465ee728b)
Start importing Assets/Levels/Level-1.unity using Guid(9fc0d4010bbf28b4594072e72b8655ab) Importer(815301076,1909f56bfc062723c751e8b465ee728b)  -> (artifact id: '000451213e0578bfe5a159bd7325902e') in 0.010455 seconds 
========================================================================
Received Prepare
Registering precompiled user dll's ...
Registered in 0.010539 seconds.
Begin MonoManager ReloadAssembly
Native extension for OSXStandalone target not found
Refreshing native plugins compatible for Editor in 0.46 ms, found 1 plugins.
Preloading 0 native plugins for Editor in 0.00 ms.
Mono: successfully reloaded assembly
- Completed reload, in  0.952 seconds
Platform modules already initialized, skipping
Refreshing native plugins compatible for Editor in 0.46 ms, found 1 plugins.
Preloading 0 native plugins for Editor in 0.00 ms.
Unloading 2667 Unused Serialized files (Serialized files now loaded: 0)
System memory in use before: 168.0 MB.
System memory in use after: 168.2 MB.

Unloading 10 unused Assets to reduce memory usage. Loaded Objects now: 3137.
Total: 1.898890 ms (FindLiveObjects: 0.193392 ms CreateObjectMapping: 0.106691 ms MarkObjects: 1.556399 ms  DeleteObjects: 0.041451 ms)

========================================================================
Received Import Request.
  Time since last request: 28.813836 seconds.
  path: Assets/Levels/Level-4.unity
  artifactKey: Guid(5690326b9eac34b75bbbcb088834f444) Importer(815301076,1909f56bfc062723c751e8b465ee728b)
Start importing Assets/Levels/Level-4.unity using Guid(5690326b9eac34b75bbbcb088834f444) Importer(815301076,1909f56bfc062723c751e8b465ee728b)  -> (artifact id: 'd833a74ee7a816702fb8cb2b3418643c') in 0.014897 seconds 
========================================================================
Received Import Request.
  Time since last request: 1.245336 seconds.
  path: Assets/Levels/Level-1.unity
  artifactKey: Guid(9fc0d4010bbf28b4594072e72b8655ab) Importer(815301076,1909f56bfc062723c751e8b465ee728b)
Start importing Assets/Levels/Level-1.unity using Guid(9fc0d4010bbf28b4594072e72b8655ab) Importer(815301076,1909f56bfc062723c751e8b465ee728b)  -> (artifact id: 'ae879d2923f465295db066e6a7718260') in 0.005394 seconds 
========================================================================
Received Prepare
Registering precompiled user dll's ...
Registered in 0.001427 seconds.
Begin MonoManager ReloadAssembly
Native extension for OSXStandalone target not found
Refreshing native plugins compatible for Editor in 0.45 ms, found 1 plugins.
Preloading 0 native plugins for Editor in 0.00 ms.
Mono: successfully reloaded assembly
- Completed reload, in  0.946 seconds
Platform modules already initialized, skipping
Refreshing native plugins compatible for Editor in 0.44 ms, found 1 plugins.
Preloading 0 native plugins for Editor in 0.00 ms.
Unloading 2667 Unused Serialized files (Serialized files now loaded: 0)
System memory in use before: 168.2 MB.
System memory in use after: 168.4 MB.

Unloading 10 unused Assets to reduce memory usage. Loaded Objects now: 3140.
Total: 2.648436 ms (FindLiveObjects: 0.265746 ms CreateObjectMapping: 0.167285 ms MarkObjects: 2.170125 ms  DeleteObjects: 0.044072 ms)

========================================================================
Received Import Request.
  Time since last request: 75.991664 seconds.
  path: Assets/Levels/Level-4 1.unity
  artifactKey: Guid(feb1fa8dd30f9429cb1b7c6b9080be98) Importer(815301076,1909f56bfc062723c751e8b465ee728b)
Start importing Assets/Levels/Level-4 1.unity using Guid(feb1fa8dd30f9429cb1b7c6b9080be98) Importer(815301076,1909f56bfc062723c751e8b465ee728b)  -> (artifact id: '27d3224ddce4d21494c3d1cb2938af9a') in 0.011985 seconds 
========================================================================
Received Import Request.
  Time since last request: 9.480127 seconds.
  path: Assets/Levels/Level-5.unity
  artifactKey: Guid(feb1fa8dd30f9429cb1b7c6b9080be98) Importer(815301076,1909f56bfc062723c751e8b465ee728b)
Start importing Assets/Levels/Level-5.unity using Guid(feb1fa8dd30f9429cb1b7c6b9080be98) Importer(815301076,1909f56bfc062723c751e8b465ee728b)  -> (artifact id: '7332a33a9d671bf7223f5d5f69b9a9e4') in 0.001037 seconds 
========================================================================
Received Import Request.
  Time since last request: 478.834415 seconds.
  path: Assets/Prefabs/Goal.prefab
  artifactKey: Guid(7997a91b47eb44ccdaf9f13e08ea48f5) Importer(815301076,1909f56bfc062723c751e8b465ee728b)
Start importing Assets/Prefabs/Goal.prefab using Guid(7997a91b47eb44ccdaf9f13e08ea48f5) Importer(815301076,1909f56bfc062723c751e8b465ee728b)  -> (artifact id: 'a42a9a8bfcf80b42b4087afa97c49f92') in 1.000614 seconds 
========================================================================
Received Import Request.
  Time since last request: 8.433512 seconds.
  path: Assets/Prefabs/Goal.prefab
  artifactKey: Guid(7997a91b47eb44ccdaf9f13e08ea48f5) Importer(815301076,1909f56bfc062723c751e8b465ee728b)
Start importing Assets/Prefabs/Goal.prefab using Guid(7997a91b47eb44ccdaf9f13e08ea48f5) Importer(815301076,1909f56bfc062723c751e8b465ee728b)  -> (artifact id: '8a7baddfe996874e399fc37be748bfc1') in 0.006234 seconds 
========================================================================
Received Import Request.
  Time since last request: 12.740973 seconds.
  path: Assets/Levels/Level-1.unity
  artifactKey: Guid(9fc0d4010bbf28b4594072e72b8655ab) Importer(815301076,1909f56bfc062723c751e8b465ee728b)
Start importing Assets/Levels/Level-1.unity using Guid(9fc0d4010bbf28b4594072e72b8655ab) Importer(815301076,1909f56bfc062723c751e8b465ee728b)  -> (artifact id: '0b33f75011b4ff1da82b6e8ea098c47d') in 0.037786 seconds 
========================================================================
Received Import Request.
  Time since last request: 11.305824 seconds.
  path: Assets/Levels/Level-2.unity
  artifactKey: Guid(ca79b084de46a4740b2de48539a3feaf) Importer(815301076,1909f56bfc062723c751e8b465ee728b)
Start importing Assets/Levels/Level-2.unity using Guid(ca79b084de46a4740b2de48539a3feaf) Importer(815301076,1909f56bfc062723c751e8b465ee728b)  -> (artifact id: '655c00dbef98b788627864851cb35bb5') in 0.000988 seconds 
========================================================================
Received Import Request.
  Time since last request: 25.194734 seconds.
  path: Assets/Levels/Level-5.unity
  artifactKey: Guid(feb1fa8dd30f9429cb1b7c6b9080be98) Importer(815301076,1909f56bfc062723c751e8b465ee728b)
Start importing Assets/Levels/Level-5.unity using Guid(feb1fa8dd30f9429cb1b7c6b9080be98) Importer(815301076,1909f56bfc062723c751e8b465ee728b)  -> (artifact id: 'da75f254fd24fbb9d1e56600a7a55332') in 0.006322 seconds 
========================================================================
Received Import Request.
  Time since last request: 37.747363 seconds.
  path: Assets/Scripts/PlayerCollision.cs
  artifactKey: Guid(a449d340b1bf641f3b2015ab41e2e21c) Importer(815301076,1909f56bfc062723c751e8b465ee728b)
Start importing Assets/Scripts/PlayerCollision.cs using Guid(a449d340b1bf641f3b2015ab41e2e21c) Importer(815301076,1909f56bfc062723c751e8b465ee728b)  -> (artifact id: 'd77a25437d027e5bd19f8ea4dcb2cc4f') in 0.809790 seconds 
========================================================================
Received Import Request.
  Time since last request: 1.165021 seconds.
  path: Assets/Scripts/PlayerMovement.cs
  artifactKey: Guid(9da4ff95b7dca4cffa914b8938ef02ba) Importer(815301076,1909f56bfc062723c751e8b465ee728b)
Start importing Assets/Scripts/PlayerMovement.cs using Guid(9da4ff95b7dca4cffa914b8938ef02ba) Importer(815301076,1909f56bfc062723c751e8b465ee728b)  -> (artifact id: '9554504a771c81453d042d2f44b78620') in 0.003602 seconds 
========================================================================
Received Import Request.
  Time since last request: 49.560226 seconds.
  path: ProjectSettings/TagManager.asset
  artifactKey: Guid(00000000000000003000000000000000) Importer(815301076,1909f56bfc062723c751e8b465ee728b)
Start importing ProjectSettings/TagManager.asset using Guid(00000000000000003000000000000000) Importer(815301076,1909f56bfc062723c751e8b465ee728b)  -> (artifact id: '47bc68fe3129e96cd6cf5c806aac3bc0') in 0.108479 seconds 
========================================================================
Received Prepare
Registering precompiled user dll's ...
Registered in 0.001188 seconds.
Begin MonoManager ReloadAssembly
Native extension for OSXStandalone target not found
Refreshing native plugins compatible for Editor in 0.45 ms, found 1 plugins.
Preloading 0 native plugins for Editor in 0.00 ms.
Mono: successfully reloaded assembly
- Completed reload, in  0.951 seconds
Platform modules already initialized, skipping
Refreshing native plugins compatible for Editor in 0.47 ms, found 1 plugins.
Preloading 0 native plugins for Editor in 0.00 ms.
Unloading 2667 Unused Serialized files (Serialized files now loaded: 0)
System memory in use before: 185.2 MB.
System memory in use after: 185.4 MB.

Unloading 11 unused Assets to reduce memory usage. Loaded Objects now: 3151.
Total: 1.934719 ms (FindLiveObjects: 0.203462 ms CreateObjectMapping: 0.107676 ms MarkObjects: 1.579588 ms  DeleteObjects: 0.043215 ms)

========================================================================
Received Import Request.
  Time since last request: 169.330964 seconds.
  path: Assets/Scripts/Goal.cs
  artifactKey: Guid(5f2d39f88790f4423938efd2b03e11d0) Importer(815301076,1909f56bfc062723c751e8b465ee728b)
Start importing Assets/Scripts/Goal.cs using Guid(5f2d39f88790f4423938efd2b03e11d0) Importer(815301076,1909f56bfc062723c751e8b465ee728b)  -> (artifact id: '6790a9153dd9ce9555815fe98d194a8c') in 0.008317 seconds 
========================================================================
Received Prepare
Registering precompiled user dll's ...
Registered in 0.001141 seconds.
Begin MonoManager ReloadAssembly
Native extension for OSXStandalone target not found
Refreshing native plugins compatible for Editor in 0.44 ms, found 1 plugins.
Preloading 0 native plugins for Editor in 0.00 ms.
Mono: successfully reloaded assembly
- Completed reload, in  0.947 seconds
Platform modules already initialized, skipping
Refreshing native plugins compatible for Editor in 0.44 ms, found 1 plugins.
Preloading 0 native plugins for Editor in 0.00 ms.
Unloading 2667 Unused Serialized files (Serialized files now loaded: 0)
System memory in use before: 185.4 MB.
System memory in use after: 185.6 MB.

Unloading 10 unused Assets to reduce memory usage. Loaded Objects now: 3154.
Total: 1.907800 ms (FindLiveObjects: 0.222158 ms CreateObjectMapping: 0.097210 ms MarkObjects: 1.546175 ms  DeleteObjects: 0.041445 ms)

========================================================================
Received Import Request.
  Time since last request: 230.017817 seconds.
  path: Assets/Scripts/Score.cs
  artifactKey: Guid(c3c9a2290e88f471cadf5726e0c95168) Importer(815301076,1909f56bfc062723c751e8b465ee728b)
Start importing Assets/Scripts/Score.cs using Guid(c3c9a2290e88f471cadf5726e0c95168) Importer(815301076,1909f56bfc062723c751e8b465ee728b)  -> (artifact id: '74f324c4095d7f492c7903637df175de') in 0.004635 seconds 
========================================================================
Received Prepare
Registering precompiled user dll's ...
Registered in 0.012609 seconds.
Begin MonoManager ReloadAssembly
Native extension for OSXStandalone target not found
Refreshing native plugins compatible for Editor in 0.44 ms, found 1 plugins.
Preloading 0 native plugins for Editor in 0.00 ms.
Mono: successfully reloaded assembly
- Completed reload, in  0.940 seconds
Platform modules already initialized, skipping
Refreshing native plugins compatible for Editor in 0.44 ms, found 1 plugins.
Preloading 0 native plugins for Editor in 0.00 ms.
Unloading 2667 Unused Serialized files (Serialized files now loaded: 0)
System memory in use before: 185.6 MB.
System memory in use after: 185.8 MB.

Unloading 10 unused Assets to reduce memory usage. Loaded Objects now: 3157.
Total: 1.933053 ms (FindLiveObjects: 0.217381 ms CreateObjectMapping: 0.115653 ms MarkObjects: 1.559042 ms  DeleteObjects: 0.040235 ms)

========================================================================
Received Import Request.
  Time since last request: 303.395955 seconds.
  path: Assets/Levels/Level-5.unity
  artifactKey: Guid(feb1fa8dd30f9429cb1b7c6b9080be98) Importer(815301076,1909f56bfc062723c751e8b465ee728b)
Start importing Assets/Levels/Level-5.unity using Guid(feb1fa8dd30f9429cb1b7c6b9080be98) Importer(815301076,1909f56bfc062723c751e8b465ee728b)  -> (artifact id: 'f39c2968ce000c57b430d56895b7b084') in 0.012571 seconds 
========================================================================
Received Import Request.
  Time since last request: 29.493928 seconds.
  path: Assets/Levels/Level-4.unity
  artifactKey: Guid(5690326b9eac34b75bbbcb088834f444) Importer(815301076,1909f56bfc062723c751e8b465ee728b)
Start importing Assets/Levels/Level-4.unity using Guid(5690326b9eac34b75bbbcb088834f444) Importer(815301076,1909f56bfc062723c751e8b465ee728b)  -> (artifact id: '579e8a791f1e22e70e1799cf56c4a537') in 0.001712 seconds 
========================================================================
Received Prepare
Registering precompiled user dll's ...
Registered in 0.004456 seconds.
Begin MonoManager ReloadAssembly
Native extension for OSXStandalone target not found
Refreshing native plugins compatible for Editor in 0.44 ms, found 1 plugins.
Preloading 0 native plugins for Editor in 0.00 ms.
Mono: successfully reloaded assembly
- Completed reload, in  1.070 seconds
Platform modules already initialized, skipping
Refreshing native plugins compatible for Editor in 0.45 ms, found 1 plugins.
Preloading 0 native plugins for Editor in 0.00 ms.
Unloading 2667 Unused Serialized files (Serialized files now loaded: 0)
System memory in use before: 185.8 MB.
System memory in use after: 186.0 MB.

Unloading 10 unused Assets to reduce memory usage. Loaded Objects now: 3160.
Total: 2.640378 ms (FindLiveObjects: 0.260407 ms CreateObjectMapping: 0.168404 ms MarkObjects: 2.167461 ms  DeleteObjects: 0.043085 ms)

========================================================================
Received Prepare
Registering precompiled user dll's ...
Registered in 0.012126 seconds.
Begin MonoManager ReloadAssembly
Native extension for OSXStandalone target not found
Refreshing native plugins compatible for Editor in 0.45 ms, found 1 plugins.
Preloading 0 native plugins for Editor in 0.00 ms.
Mono: successfully reloaded assembly
- Completed reload, in  0.947 seconds
Platform modules already initialized, skipping
Refreshing native plugins compatible for Editor in 0.44 ms, found 1 plugins.
Preloading 0 native plugins for Editor in 0.00 ms.
Unloading 2667 Unused Serialized files (Serialized files now loaded: 0)
System memory in use before: 186.0 MB.
System memory in use after: 186.2 MB.

Unloading 10 unused Assets to reduce memory usage. Loaded Objects now: 3163.
Total: 2.691546 ms (FindLiveObjects: 0.304013 ms CreateObjectMapping: 0.195108 ms MarkObjects: 2.144952 ms  DeleteObjects: 0.046276 ms)

========================================================================
Received Prepare
Registering precompiled user dll's ...
Registered in 0.001327 seconds.
Begin MonoManager ReloadAssembly
Native extension for OSXStandalone target not found
Refreshing native plugins compatible for Editor in 0.47 ms, found 1 plugins.
Preloading 0 native plugins for Editor in 0.00 ms.
Mono: successfully reloaded assembly
- Completed reload, in  1.033 seconds
Platform modules already initialized, skipping
Refreshing native plugins compatible for Editor in 0.46 ms, found 1 plugins.
Preloading 0 native plugins for Editor in 0.00 ms.
Unloading 2667 Unused Serialized files (Serialized files now loaded: 0)
System memory in use before: 186.2 MB.
System memory in use after: 186.4 MB.

Unloading 10 unused Assets to reduce memory usage. Loaded Objects now: 3166.
Total: 2.043807 ms (FindLiveObjects: 0.209213 ms CreateObjectMapping: 0.115951 ms MarkObjects: 1.677162 ms  DeleteObjects: 0.040577 ms)

========================================================================
Received Import Request.
  Time since last request: 1132.926761 seconds.
  path: Assets/Levels/Level-1.unity
  artifactKey: Guid(9fc0d4010bbf28b4594072e72b8655ab) Importer(815301076,1909f56bfc062723c751e8b465ee728b)
Start importing Assets/Levels/Level-1.unity using Guid(9fc0d4010bbf28b4594072e72b8655ab) Importer(815301076,1909f56bfc062723c751e8b465ee728b)  -> (artifact id: 'b72fc6043a5afe5f4bf3e9475630296f') in 0.011071 seconds 
========================================================================
Received Import Request.
  Time since last request: 4.778675 seconds.
  path: Assets/Levels/Level-2.unity
  artifactKey: Guid(ca79b084de46a4740b2de48539a3feaf) Importer(815301076,1909f56bfc062723c751e8b465ee728b)
Start importing Assets/Levels/Level-2.unity using Guid(ca79b084de46a4740b2de48539a3feaf) Importer(815301076,1909f56bfc062723c751e8b465ee728b)  -> (artifact id: '0b80a3576100ba42d2d7585de55c24ec') in 0.001007 seconds 
========================================================================
Received Import Request.
  Time since last request: 0.794814 seconds.
  path: Assets/Levels/Level-3.unity
  artifactKey: Guid(b202654d92f394a4aa56cfd0c1946560) Importer(815301076,1909f56bfc062723c751e8b465ee728b)
Start importing Assets/Levels/Level-3.unity using Guid(b202654d92f394a4aa56cfd0c1946560) Importer(815301076,1909f56bfc062723c751e8b465ee728b)  -> (artifact id: '08f27c0ca7e4bec156541fb6d728883f') in 0.005170 seconds 
========================================================================
Received Import Request.
  Time since last request: 2.232172 seconds.
  path: Assets/Levels/Level-5.unity
  artifactKey: Guid(feb1fa8dd30f9429cb1b7c6b9080be98) Importer(815301076,1909f56bfc062723c751e8b465ee728b)
Start importing Assets/Levels/Level-5.unity using Guid(feb1fa8dd30f9429cb1b7c6b9080be98) Importer(815301076,1909f56bfc062723c751e8b465ee728b)  -> (artifact id: 'a05e84ad1ffcd6ae17721601d636484b') in 0.002126 seconds 
AssetImportWorkerClient::OnTransportError - code=2 error=End of file
